<?xml version="1.0" encoding="UTF-8"?>
<testng-results ignored="0" total="1" passed="1" failed="0" skipped="0">
  <reporter-output>
  </reporter-output>
  <suite started-at="2024-08-22T16:06:57 IST" name="Default suite" finished-at="2024-08-22T16:07:18 IST" duration-ms="20648">
    <groups>
    </groups>
    <test started-at="2024-08-22T16:06:57 IST" name="Default test" finished-at="2024-08-22T16:07:18 IST" duration-ms="20648">
      <class name="automation.Tests.BookStore">
        <test-method signature="addBookToCart()[pri:0, instance:automation.Tests.BookStore@2f217633]" started-at="2024-08-22T16:06:57 IST" name="addBookToCart" finished-at="2024-08-22T16:07:18 IST" duration-ms="20613" status="PASS">
          <reporter-output>
          </reporter-output>
        </test-method> <!-- addBookToCart -->
      </class> <!-- automation.Tests.BookStore -->
    </test> <!-- Default test -->
  </suite> <!-- Default suite -->
</testng-results>
